빌드 시작: 2017-08-29 오전 10:20:11
     1>2 노드의 "D:\1704기 (국기) - 17년 1기\AStar\AStar\AStar.vcxproj" 프로젝트(build 대상)입니다.
     1>InitializeBuildStatus:
         "AlwaysCreate"이(가) 지정되었기 때문에 "Debug\AStar.unsuccessfulbuild"을(를) 만들고 있습니다.
       ClCompile:
         모든 출력이 최신 상태입니다.
         C:\Program Files (x86)\Microsoft Visual Studio 10.0\VC\bin\CL.exe /c /ZI /nologo /W3 /WX- /Od /Oy- /D WIN32 /D _DEBUG /D _WINDOWS /D _UNICODE /D UNICODE /Gm /EHsc /RTC1 /MDd /GS /fp:precise /Zc:wchar_t /Zc:forScope /Yu"StdAfx.h" /Fp"Debug\AStar.pch" /Fo"Debug\\" /Fd"Debug\vc100.pdb" /Gd /TP /analyze- /errorReport:prompt AStar.cpp
         AStar.cpp
       ResourceCompile:
         모든 출력이 최신 상태입니다.
       ManifestResourceCompile:
         모든 출력이 최신 상태입니다.
       Link:
         C:\Program Files (x86)\Microsoft Visual Studio 10.0\VC\bin\link.exe /ERRORREPORT:PROMPT /OUT:"D:\1704기 (국기) - 17년 1기\AStar\Debug\AStar.exe" /INCREMENTAL /NOLOGO kernel32.lib user32.lib gdi32.lib winspool.lib comdlg32.lib advapi32.lib shell32.lib ole32.lib oleaut32.lib uuid.lib odbc32.lib odbccp32.lib /MANIFEST /ManifestFile:"Debug\AStar.exe.intermediate.manifest" /MANIFESTUAC:"level='asInvoker' uiAccess='false'" /DEBUG /PDB:"D:\1704기 (국기) - 17년 1기\AStar\Debug\AStar.pdb" /SUBSYSTEM:WINDOWS /TLBID:1 /DYNAMICBASE /NXCOMPAT /IMPLIB:"D:\1704기 (국기) - 17년 1기\AStar\Debug\AStar.lib" /MACHINE:X86 Debug\AStar.res
         Debug\AStar.exe.embed.manifest.res
         Debug\AStar.obj
         Debug\cMainGame.obj
         Debug\cNode.obj
         Debug\stdafx.obj
       Manifest:
         C:\Program Files (x86)\Microsoft SDKs\Windows\v7.0A\bin\mt.exe /nologo /verbose /out:"Debug\AStar.exe.embed.manifest" /manifest Debug\AStar.exe.intermediate.manifest
         모든 출력이 최신 상태입니다.
       LinkEmbedManifest:
         모든 출력이 최신 상태입니다.
         AStar.vcxproj -> D:\1704기 (국기) - 17년 1기\AStar\Debug\AStar.exe
       FinalizeBuildStatus:
         "Debug\AStar.unsuccessfulbuild" 파일을 삭제하고 있습니다.
         "Debug\AStar.lastbuildstate"에 연결(touching)하고 있습니다.
     1>"D:\1704기 (국기) - 17년 1기\AStar\AStar\AStar.vcxproj" 프로젝트를 빌드했습니다(build 대상).

빌드했습니다.

경과 시간: 00:00:00.28
